{"timestamp":"2025-05-26T04:36:12.682450","level":"info","event":"DAG bundles loaded: dags-folder, example_dags","logger":"airflow.dag_processing.bundles.manager.DagBundlesManager"}
{"timestamp":"2025-05-26T04:36:12.684628","level":"info","event":"Filling up the DagBag from /home/sheela/airflow/dags/orderinfo_etl_dag.py","logger":"airflow.models.dagbag.DagBag"}
{"timestamp":"2025-05-26T04:36:14.993780Z","level":"info","event":"Task instance is in running state","chan":"stdout","logger":"task"}
{"timestamp":"2025-05-26T04:36:14.995347Z","level":"info","event":" Previous state of the Task instance: queued","chan":"stdout","logger":"task"}
{"timestamp":"2025-05-26T04:36:15.064831Z","level":"info","event":"Current task name:load_to_postgres","chan":"stdout","logger":"task"}
{"timestamp":"2025-05-26T04:36:15.065163Z","level":"info","event":"Dag name:orderinfo_etl_pipeline","chan":"stdout","logger":"task"}
{"timestamp":"2025-05-26T04:36:16.024831Z","level":"info","event":"","chan":"stdout","logger":"task"}
{"timestamp":"2025-05-26T04:36:16.028263Z","level":"info","event":"--- Generated DDL ---","chan":"stdout","logger":"task"}
{"timestamp":"2025-05-26T04:36:16.028608Z","level":"info","event":"","chan":"stdout","logger":"task"}
{"timestamp":"2025-05-26T04:36:16.028861Z","level":"info","event":"CREATE TABLE orderinfo_bq (","chan":"stdout","logger":"task"}
{"timestamp":"2025-05-26T04:36:16.029089Z","level":"info","event":"    order_id INTEGER,","chan":"stdout","logger":"task"}
{"timestamp":"2025-05-26T04:36:16.029331Z","level":"info","event":"    user_id INTEGER,","chan":"stdout","logger":"task"}
{"timestamp":"2025-05-26T04:36:16.029555Z","level":"info","event":"    status VARCHAR(10),","chan":"stdout","logger":"task"}
{"timestamp":"2025-05-26T04:36:16.029754Z","level":"info","event":"    gender VARCHAR(1),","chan":"stdout","logger":"task"}
{"timestamp":"2025-05-26T04:36:16.029982Z","level":"info","event":"    created_at TIMESTAMP,","chan":"stdout","logger":"task"}
{"timestamp":"2025-05-26T04:36:16.030174Z","level":"info","event":"    returned_at TIMESTAMP,","chan":"stdout","logger":"task"}
{"timestamp":"2025-05-26T04:36:16.030456Z","level":"info","event":"    shipped_at TIMESTAMP,","chan":"stdout","logger":"task"}
{"timestamp":"2025-05-26T04:36:16.030688Z","level":"info","event":"    delivered_at TIMESTAMP,","chan":"stdout","logger":"task"}
{"timestamp":"2025-05-26T04:36:16.030874Z","level":"info","event":"    num_of_item INTEGER,","chan":"stdout","logger":"task"}
{"timestamp":"2025-05-26T04:36:16.031046Z","level":"info","event":"    is_cancelled BOOLEAN,","chan":"stdout","logger":"task"}
{"timestamp":"2025-05-26T04:36:16.031214Z","level":"info","event":"    delivery_duration_days DOUBLE PRECISION","chan":"stdout","logger":"task"}
{"timestamp":"2025-05-26T04:36:16.031416Z","level":"info","event":");","chan":"stdout","logger":"task"}
{"timestamp":"2025-05-26T04:36:16.272082Z","level":"info","event":"Error executing DDL: relation \"orderinfo_bq\" already exists","chan":"stdout","logger":"task"}
{"timestamp":"2025-05-26T04:36:16.274095Z","level":"info","event":"","chan":"stdout","logger":"task"}
{"timestamp":"2025-05-26T04:36:16.274276Z","level":"info","event":"PostgreSQL connection closed.","chan":"stdout","logger":"task"}
{"timestamp":"2025-05-26T04:36:16.296185","level":"warning","event":"pandas only supports SQLAlchemy connectable (engine/connection) or database string URI or sqlite3 DBAPI2 connection. Other DBAPI2 objects are not tested. Please consider using SQLAlchemy.","category":"UserWarning","filename":"/home/sheela/airflow/dags/load_data.py","lineno":72,"logger":"py.warnings"}
{"timestamp":"2025-05-26T04:36:16.313766Z","level":"info","event":"Error loading CSV to PostgreSQL: 'Engine' object has no attribute 'cursor'","chan":"stdout","logger":"task"}
{"timestamp":"2025-05-26T04:36:16.315679","level":"info","event":"Done. Returned value was: None","logger":"airflow.task.operators.airflow.providers.standard.operators.python.PythonOperator"}
{"timestamp":"2025-05-26T04:36:16.318422Z","level":"info","event":"Task instance in success state","chan":"stdout","logger":"task"}
{"timestamp":"2025-05-26T04:36:16.323302Z","level":"info","event":" Previous state of the Task instance: running","chan":"stdout","logger":"task"}
{"timestamp":"2025-05-26T04:36:16.434390Z","level":"info","event":"Task operator:<Task(PythonOperator): load_to_postgres>","chan":"stdout","logger":"task"}
