{"timestamp":"2025-05-27T07:04:22.595341","level":"info","event":"DAG bundles loaded: dags-folder, example_dags","logger":"airflow.dag_processing.bundles.manager.DagBundlesManager"}
{"timestamp":"2025-05-27T07:04:22.598208","level":"info","event":"Filling up the DagBag from /home/sheela/airflow/dags/orderinfo_etl_dag.py","logger":"airflow.models.dagbag.DagBag"}
{"timestamp":"2025-05-27T07:04:24.896561Z","level":"info","event":"Task instance is in running state","chan":"stdout","logger":"task"}
{"timestamp":"2025-05-27T07:04:24.905845Z","level":"info","event":" Previous state of the Task instance: queued","chan":"stdout","logger":"task"}
{"timestamp":"2025-05-27T07:04:24.907554Z","level":"info","event":"Current task name:pull_orders_complete","chan":"stdout","logger":"task"}
{"timestamp":"2025-05-27T07:04:24.908333Z","level":"info","event":"Dag name:orderinfo_etl_pipeline","chan":"stdout","logger":"task"}
{"timestamp":"2025-05-27T07:04:25.049215","level":"warning","event":"Your application has authenticated using end user credentials from Google Cloud SDK without a quota project. You might receive a \"quota exceeded\" or \"API not enabled\" error. See the following page for troubleshooting: https://cloud.google.com/docs/authentication/adc-troubleshooting/user-creds. ","category":"UserWarning","filename":"/mnt/c/Users/SJENNIFE/airflow_test/lib/python3.12/site-packages/google/auth/_default.py","lineno":76,"logger":"py.warnings"}
{"timestamp":"2025-05-27T07:04:38.780939","level":"warning","event":"No project ID could be determined. Consider running `gcloud config set project` or setting the GOOGLE_CLOUD_PROJECT environment variable","logger":"google.auth._default"}
{"timestamp":"2025-05-27T07:04:40.792802","level":"warning","event":"BigQuery Storage module not found, fetch data with the REST endpoint instead.","category":"UserWarning","filename":"/mnt/c/Users/SJENNIFE/airflow_test/lib/python3.12/site-packages/google/cloud/bigquery/table.py","lineno":1962,"logger":"py.warnings"}
{"timestamp":"2025-05-27T07:04:42.567190Z","level":"info","event":"Completed orders pulled and saved as orders_succ.csv","chan":"stdout","logger":"task"}
{"timestamp":"2025-05-27T07:04:42.567743Z","level":"info","event":"Task instance in success state","chan":"stdout","logger":"task"}
{"timestamp":"2025-05-27T07:04:42.568157Z","level":"info","event":" Previous state of the Task instance: running","chan":"stdout","logger":"task"}
{"timestamp":"2025-05-27T07:04:42.568528Z","level":"info","event":"Task operator:<Task(PythonOperator): pull_orders_complete>","chan":"stdout","logger":"task"}
{"timestamp":"2025-05-27T07:04:42.556001","level":"info","event":"Done. Returned value was: None","logger":"airflow.task.operators.airflow.providers.standard.operators.python.PythonOperator"}
{"timestamp":"2025-05-27T07:36:17.163094","level":"info","event":"DAG bundles loaded: dags-folder, example_dags","logger":"airflow.dag_processing.bundles.manager.DagBundlesManager"}
{"timestamp":"2025-05-27T07:36:17.165244","level":"info","event":"Filling up the DagBag from /home/sheela/airflow/dags/orderinfo_etl_dag.py","logger":"airflow.models.dagbag.DagBag"}
{"timestamp":"2025-05-27T07:36:20.503440Z","level":"info","event":"Task instance is in running state","chan":"stdout","logger":"task"}
{"timestamp":"2025-05-27T07:36:20.504265Z","level":"info","event":" Previous state of the Task instance: queued","chan":"stdout","logger":"task"}
{"timestamp":"2025-05-27T07:36:20.504845Z","level":"info","event":"Current task name:pull_orders_complete","chan":"stdout","logger":"task"}
{"timestamp":"2025-05-27T07:36:20.505459Z","level":"info","event":"Dag name:orderinfo_etl_pipeline","chan":"stdout","logger":"task"}
{"timestamp":"2025-05-27T07:36:20.572473","level":"warning","event":"Your application has authenticated using end user credentials from Google Cloud SDK without a quota project. You might receive a \"quota exceeded\" or \"API not enabled\" error. See the following page for troubleshooting: https://cloud.google.com/docs/authentication/adc-troubleshooting/user-creds. ","category":"UserWarning","filename":"/mnt/c/Users/SJENNIFE/airflow_test/lib/python3.12/site-packages/google/auth/_default.py","lineno":76,"logger":"py.warnings"}
{"timestamp":"2025-05-27T07:36:31.521025","level":"warning","event":"No project ID could be determined. Consider running `gcloud config set project` or setting the GOOGLE_CLOUD_PROJECT environment variable","logger":"google.auth._default"}
{"timestamp":"2025-05-27T07:36:33.402437","level":"warning","event":"BigQuery Storage module not found, fetch data with the REST endpoint instead.","category":"UserWarning","filename":"/mnt/c/Users/SJENNIFE/airflow_test/lib/python3.12/site-packages/google/cloud/bigquery/table.py","lineno":1962,"logger":"py.warnings"}
{"timestamp":"2025-05-27T07:36:34.473527Z","level":"info","event":"Completed orders pulled and saved as orders_succ.csv","chan":"stdout","logger":"task"}
{"timestamp":"2025-05-27T07:36:34.474860Z","level":"info","event":"Task instance in success state","chan":"stdout","logger":"task"}
{"timestamp":"2025-05-27T07:36:34.475553Z","level":"info","event":" Previous state of the Task instance: running","chan":"stdout","logger":"task"}
{"timestamp":"2025-05-27T07:36:34.470211","level":"info","event":"Done. Returned value was: None","logger":"airflow.task.operators.airflow.providers.standard.operators.python.PythonOperator"}
{"timestamp":"2025-05-27T07:36:34.963325Z","level":"info","event":"Task operator:<Task(PythonOperator): pull_orders_complete>","chan":"stdout","logger":"task"}
