{"timestamp":"2025-05-27T07:04:23.370518","level":"info","event":"DAG bundles loaded: dags-folder, example_dags","logger":"airflow.dag_processing.bundles.manager.DagBundlesManager"}
{"timestamp":"2025-05-27T07:04:23.374120","level":"info","event":"Filling up the DagBag from /home/sheela/airflow/dags/orderinfo_etl_dag.py","logger":"airflow.models.dagbag.DagBag"}
{"timestamp":"2025-05-27T07:04:25.286510Z","level":"info","event":"Task instance is in running state","chan":"stdout","logger":"task"}
{"timestamp":"2025-05-27T07:04:25.290283Z","level":"info","event":" Previous state of the Task instance: queued","chan":"stdout","logger":"task"}
{"timestamp":"2025-05-27T07:04:25.290659Z","level":"info","event":"Current task name:pull_orders_sample","chan":"stdout","logger":"task"}
{"timestamp":"2025-05-27T07:04:25.290992Z","level":"info","event":"Dag name:orderinfo_etl_pipeline","chan":"stdout","logger":"task"}
{"timestamp":"2025-05-27T07:04:25.348125","level":"warning","event":"Your application has authenticated using end user credentials from Google Cloud SDK without a quota project. You might receive a \"quota exceeded\" or \"API not enabled\" error. See the following page for troubleshooting: https://cloud.google.com/docs/authentication/adc-troubleshooting/user-creds. ","category":"UserWarning","filename":"/mnt/c/Users/SJENNIFE/airflow_test/lib/python3.12/site-packages/google/auth/_default.py","lineno":76,"logger":"py.warnings"}
{"timestamp":"2025-05-27T07:04:38.783251","level":"warning","event":"No project ID could be determined. Consider running `gcloud config set project` or setting the GOOGLE_CLOUD_PROJECT environment variable","logger":"google.auth._default"}
{"timestamp":"2025-05-27T07:04:40.812571","level":"warning","event":"BigQuery Storage module not found, fetch data with the REST endpoint instead.","category":"UserWarning","filename":"/mnt/c/Users/SJENNIFE/airflow_test/lib/python3.12/site-packages/google/cloud/bigquery/table.py","lineno":1962,"logger":"py.warnings"}
{"timestamp":"2025-05-27T07:04:42.538792Z","level":"info","event":"Data pulled and saved as orders_sample.csv","chan":"stdout","logger":"task"}
{"timestamp":"2025-05-27T07:04:42.535775","level":"info","event":"Done. Returned value was: None","logger":"airflow.task.operators.airflow.providers.standard.operators.python.PythonOperator"}
{"timestamp":"2025-05-27T07:04:43.085484Z","level":"info","event":"Task instance in success state","chan":"stdout","logger":"task"}
{"timestamp":"2025-05-27T07:04:43.085914Z","level":"info","event":" Previous state of the Task instance: running","chan":"stdout","logger":"task"}
{"timestamp":"2025-05-27T07:04:43.086268Z","level":"info","event":"Task operator:<Task(PythonOperator): pull_orders_sample>","chan":"stdout","logger":"task"}
{"timestamp":"2025-05-27T07:36:17.135384","level":"info","event":"DAG bundles loaded: dags-folder, example_dags","logger":"airflow.dag_processing.bundles.manager.DagBundlesManager"}
{"timestamp":"2025-05-27T07:36:17.145293","level":"info","event":"Filling up the DagBag from /home/sheela/airflow/dags/orderinfo_etl_dag.py","logger":"airflow.models.dagbag.DagBag"}
{"timestamp":"2025-05-27T07:36:20.478873Z","level":"info","event":"Task instance is in running state","chan":"stdout","logger":"task"}
{"timestamp":"2025-05-27T07:36:20.479442Z","level":"info","event":" Previous state of the Task instance: queued","chan":"stdout","logger":"task"}
{"timestamp":"2025-05-27T07:36:20.480436Z","level":"info","event":"Current task name:pull_orders_sample","chan":"stdout","logger":"task"}
{"timestamp":"2025-05-27T07:36:20.480977Z","level":"info","event":"Dag name:orderinfo_etl_pipeline","chan":"stdout","logger":"task"}
{"timestamp":"2025-05-27T07:36:20.560595","level":"warning","event":"Your application has authenticated using end user credentials from Google Cloud SDK without a quota project. You might receive a \"quota exceeded\" or \"API not enabled\" error. See the following page for troubleshooting: https://cloud.google.com/docs/authentication/adc-troubleshooting/user-creds. ","category":"UserWarning","filename":"/mnt/c/Users/SJENNIFE/airflow_test/lib/python3.12/site-packages/google/auth/_default.py","lineno":76,"logger":"py.warnings"}
{"timestamp":"2025-05-27T07:36:31.496355","level":"warning","event":"No project ID could be determined. Consider running `gcloud config set project` or setting the GOOGLE_CLOUD_PROJECT environment variable","logger":"google.auth._default"}
{"timestamp":"2025-05-27T07:36:33.413710","level":"warning","event":"BigQuery Storage module not found, fetch data with the REST endpoint instead.","category":"UserWarning","filename":"/mnt/c/Users/SJENNIFE/airflow_test/lib/python3.12/site-packages/google/cloud/bigquery/table.py","lineno":1962,"logger":"py.warnings"}
{"timestamp":"2025-05-27T07:36:34.444193Z","level":"info","event":"Data pulled and saved as orders_sample.csv","chan":"stdout","logger":"task"}
{"timestamp":"2025-05-27T07:36:34.446690Z","level":"info","event":"Task instance in success state","chan":"stdout","logger":"task"}
{"timestamp":"2025-05-27T07:36:34.447637Z","level":"info","event":" Previous state of the Task instance: running","chan":"stdout","logger":"task"}
{"timestamp":"2025-05-27T07:36:34.447964Z","level":"info","event":"Task operator:<Task(PythonOperator): pull_orders_sample>","chan":"stdout","logger":"task"}
{"timestamp":"2025-05-27T07:36:34.441292","level":"info","event":"Done. Returned value was: None","logger":"airflow.task.operators.airflow.providers.standard.operators.python.PythonOperator"}
