{"timestamp":"2025-05-26T08:52:01.130090","level":"info","event":"DAG bundles loaded: dags-folder, example_dags","logger":"airflow.dag_processing.bundles.manager.DagBundlesManager"}
{"timestamp":"2025-05-26T08:52:01.146336","level":"info","event":"Filling up the DagBag from /home/sheela/airflow/dags/orderinfo_etl_dag.py","logger":"airflow.models.dagbag.DagBag"}
{"timestamp":"2025-05-26T08:52:03.410501Z","level":"info","event":"Task instance is in running state","chan":"stdout","logger":"task"}
{"timestamp":"2025-05-26T08:52:03.411595Z","level":"info","event":" Previous state of the Task instance: queued","chan":"stdout","logger":"task"}
{"timestamp":"2025-05-26T08:52:03.412422Z","level":"info","event":"Current task name:load_to_postgres","chan":"stdout","logger":"task"}
{"timestamp":"2025-05-26T08:52:03.412714Z","level":"info","event":"Dag name:orderinfo_etl_pipeline","chan":"stdout","logger":"task"}
{"timestamp":"2025-05-26T08:52:04.511591Z","level":"info","event":"","chan":"stdout","logger":"task"}
{"timestamp":"2025-05-26T08:52:04.512153Z","level":"info","event":"--- Generated DDL ---","chan":"stdout","logger":"task"}
{"timestamp":"2025-05-26T08:52:04.512527Z","level":"info","event":" CREATE TABLE orderinfo_bq_test (","chan":"stdout","logger":"task"}
{"timestamp":"2025-05-26T08:52:04.512823Z","level":"info","event":"    order_id integer,","chan":"stdout","logger":"task"}
{"timestamp":"2025-05-26T08:52:04.513074Z","level":"info","event":"    user_id integer,","chan":"stdout","logger":"task"}
{"timestamp":"2025-05-26T08:52:04.513364Z","level":"info","event":"    status text,","chan":"stdout","logger":"task"}
{"timestamp":"2025-05-26T08:52:04.513623Z","level":"info","event":"    gender text,","chan":"stdout","logger":"task"}
{"timestamp":"2025-05-26T08:52:04.513865Z","level":"info","event":"    created_at timestamp without time zone,","chan":"stdout","logger":"task"}
{"timestamp":"2025-05-26T08:52:04.514110Z","level":"info","event":"    returned_at timestamp without time zone,","chan":"stdout","logger":"task"}
{"timestamp":"2025-05-26T08:52:04.514398Z","level":"info","event":"    shipped_at timestamp without time zone,","chan":"stdout","logger":"task"}
{"timestamp":"2025-05-26T08:52:04.514647Z","level":"info","event":"    delivered_at timestamp without time zone,","chan":"stdout","logger":"task"}
{"timestamp":"2025-05-26T08:52:04.514970Z","level":"info","event":"    num_of_item integer,","chan":"stdout","logger":"task"}
{"timestamp":"2025-05-26T08:52:04.515279Z","level":"info","event":"    is_cancelled boolean,","chan":"stdout","logger":"task"}
{"timestamp":"2025-05-26T08:52:04.515679Z","level":"info","event":"    delivery_duration_days double precision","chan":"stdout","logger":"task"}
{"timestamp":"2025-05-26T08:52:04.516082Z","level":"info","event":");","chan":"stdout","logger":"task"}
{"timestamp":"2025-05-26T08:52:05.020681Z","level":"info","event":" Error executing DDL: relation \"orderinfo_bq_test\" already exists","chan":"stdout","logger":"task"}
{"timestamp":"2025-05-26T08:52:05.044871Z","level":"info","event":"","chan":"stdout","logger":"task"}
{"timestamp":"2025-05-26T08:52:05.107260","level":"warning","event":"pandas only supports SQLAlchemy connectable (engine/connection) or database string URI or sqlite3 DBAPI2 connection. Other DBAPI2 objects are not tested. Please consider using SQLAlchemy.","category":"UserWarning","filename":"/home/sheela/airflow/dags/load_data.py","lineno":74,"logger":"py.warnings"}
{"timestamp":"2025-05-26T08:52:05.132796Z","level":"info","event":" Error loading CSV to PostgreSQL: 'Engine' object has no attribute 'cursor'","chan":"stdout","logger":"task"}
{"timestamp":"2025-05-26T08:52:05.137729","level":"info","event":"Done. Returned value was: None","logger":"airflow.task.operators.airflow.providers.standard.operators.python.PythonOperator"}
{"timestamp":"2025-05-26T08:52:05.230758Z","level":"info","event":"Task instance in success state","chan":"stdout","logger":"task"}
{"timestamp":"2025-05-26T08:52:05.231189Z","level":"info","event":" Previous state of the Task instance: running","chan":"stdout","logger":"task"}
{"timestamp":"2025-05-26T08:52:05.231616Z","level":"info","event":"Task operator:<Task(PythonOperator): load_to_postgres>","chan":"stdout","logger":"task"}
