{"timestamp":"2025-05-26T10:25:56.810700","level":"info","event":"DAG bundles loaded: dags-folder, example_dags","logger":"airflow.dag_processing.bundles.manager.DagBundlesManager"}
{"timestamp":"2025-05-26T10:25:56.818281","level":"info","event":"Filling up the DagBag from /home/sheela/airflow/dags/orderinfo_etl_dag.py","logger":"airflow.models.dagbag.DagBag"}
{"timestamp":"2025-05-26T10:25:59.737430Z","level":"info","event":"Task instance is in running state","chan":"stdout","logger":"task"}
{"timestamp":"2025-05-26T10:25:59.738817Z","level":"info","event":" Previous state of the Task instance: queued","chan":"stdout","logger":"task"}
{"timestamp":"2025-05-26T10:25:59.802814Z","level":"info","event":"Current task name:load_to_postgres","chan":"stdout","logger":"task"}
{"timestamp":"2025-05-26T10:25:59.803258Z","level":"info","event":"Dag name:orderinfo_etl_pipeline","chan":"stdout","logger":"task"}
{"timestamp":"2025-05-26T10:26:01.105380Z","level":"info","event":"","chan":"stdout","logger":"task"}
{"timestamp":"2025-05-26T10:26:01.107194Z","level":"info","event":"--- Generated DDL ---","chan":"stdout","logger":"task"}
{"timestamp":"2025-05-26T10:26:01.107595Z","level":"info","event":" CREATE TABLE orderinfo_bq_test (","chan":"stdout","logger":"task"}
{"timestamp":"2025-05-26T10:26:01.108914Z","level":"info","event":"    order_id integer,","chan":"stdout","logger":"task"}
{"timestamp":"2025-05-26T10:26:01.112621Z","level":"info","event":"    user_id integer,","chan":"stdout","logger":"task"}
{"timestamp":"2025-05-26T10:26:01.113309Z","level":"info","event":"    status text,","chan":"stdout","logger":"task"}
{"timestamp":"2025-05-26T10:26:01.113608Z","level":"info","event":"    gender text,","chan":"stdout","logger":"task"}
{"timestamp":"2025-05-26T10:26:01.114749Z","level":"info","event":"    created_at timestamp without time zone,","chan":"stdout","logger":"task"}
{"timestamp":"2025-05-26T10:26:01.114970Z","level":"info","event":"    returned_at timestamp without time zone,","chan":"stdout","logger":"task"}
{"timestamp":"2025-05-26T10:26:01.115170Z","level":"info","event":"    shipped_at timestamp without time zone,","chan":"stdout","logger":"task"}
{"timestamp":"2025-05-26T10:26:01.115435Z","level":"info","event":"    delivered_at timestamp without time zone,","chan":"stdout","logger":"task"}
{"timestamp":"2025-05-26T10:26:01.115689Z","level":"info","event":"    num_of_item integer,","chan":"stdout","logger":"task"}
{"timestamp":"2025-05-26T10:26:01.115918Z","level":"info","event":"    is_cancelled boolean,","chan":"stdout","logger":"task"}
{"timestamp":"2025-05-26T10:26:01.116148Z","level":"info","event":"    delivery_duration_days double precision);","chan":"stdout","logger":"task"}
{"timestamp":"2025-05-26T10:26:01.805972Z","level":"info","event":"Table created successfully.","chan":"stdout","logger":"task"}
{"timestamp":"2025-05-26T10:26:02.220001Z","level":"info","event":" Error loading CSV to PostgreSQL via psycopg2: column \"returned_at\" is of type timestamp without time zone but expression is of type double precision","chan":"stdout","logger":"task"}
{"timestamp":"2025-05-26T10:26:02.220648Z","level":"info","event":"LINE 1: ...S (5, 4, 'Cancelled', 'F', '2025-02-11 16:50:00', 'NaN'::flo...","chan":"stdout","logger":"task"}
{"timestamp":"2025-05-26T10:26:02.221099Z","level":"info","event":"                                                             ^","chan":"stdout","logger":"task"}
{"timestamp":"2025-05-26T10:26:02.221490Z","level":"info","event":"HINT:  You will need to rewrite or cast the expression.","chan":"stdout","logger":"task"}
{"timestamp":"2025-05-26T10:26:02.221821Z","level":"info","event":"","chan":"stdout","logger":"task"}
{"timestamp":"2025-05-26T10:26:02.458902Z","level":"info","event":"Task instance in success state","chan":"stdout","logger":"task"}
{"timestamp":"2025-05-26T10:26:02.463652Z","level":"info","event":" Previous state of the Task instance: running","chan":"stdout","logger":"task"}
{"timestamp":"2025-05-26T10:26:02.464034Z","level":"info","event":"Task operator:<Task(PythonOperator): load_to_postgres>","chan":"stdout","logger":"task"}
{"timestamp":"2025-05-26T10:26:02.228117","level":"info","event":"Done. Returned value was: None","logger":"airflow.task.operators.airflow.providers.standard.operators.python.PythonOperator"}
