{"timestamp":"2025-05-27T07:04:54.028953","level":"info","event":"DAG bundles loaded: dags-folder, example_dags","logger":"airflow.dag_processing.bundles.manager.DagBundlesManager"}
{"timestamp":"2025-05-27T07:04:54.031919","level":"info","event":"Filling up the DagBag from /home/sheela/airflow/dags/orderinfo_etl_dag.py","logger":"airflow.models.dagbag.DagBag"}
{"timestamp":"2025-05-27T07:04:57.109325Z","level":"info","event":"Task instance is in running state","chan":"stdout","logger":"task"}
{"timestamp":"2025-05-27T07:04:57.112779Z","level":"info","event":" Previous state of the Task instance: queued","chan":"stdout","logger":"task"}
{"timestamp":"2025-05-27T07:04:57.113219Z","level":"info","event":"Current task name:load_to_postgres","chan":"stdout","logger":"task"}
{"timestamp":"2025-05-27T07:04:57.113563Z","level":"info","event":"Dag name:orderinfo_etl_pipeline","chan":"stdout","logger":"task"}
{"timestamp":"2025-05-27T07:04:58.116461Z","level":"info","event":"","chan":"stdout","logger":"task"}
{"timestamp":"2025-05-27T07:04:58.116826Z","level":"info","event":"--- Generated DDL ---","chan":"stdout","logger":"task"}
{"timestamp":"2025-05-27T07:04:58.117071Z","level":"info","event":"","chan":"stdout","logger":"task"}
{"timestamp":"2025-05-27T07:04:58.117263Z","level":"info","event":"CREATE TABLE orderinfo_bq (","chan":"stdout","logger":"task"}
{"timestamp":"2025-05-27T07:04:58.117478Z","level":"info","event":"    order_id integer,","chan":"stdout","logger":"task"}
{"timestamp":"2025-05-27T07:04:58.117651Z","level":"info","event":"    user_id integer,","chan":"stdout","logger":"task"}
{"timestamp":"2025-05-27T07:04:58.117817Z","level":"info","event":"    status text,","chan":"stdout","logger":"task"}
{"timestamp":"2025-05-27T07:04:58.118679Z","level":"info","event":"    gender character,","chan":"stdout","logger":"task"}
{"timestamp":"2025-05-27T07:04:58.119006Z","level":"info","event":"    created_at timestamp without time zone,","chan":"stdout","logger":"task"}
{"timestamp":"2025-05-27T07:04:58.119239Z","level":"info","event":"    returned_at timestamp without time zone,","chan":"stdout","logger":"task"}
{"timestamp":"2025-05-27T07:04:58.119429Z","level":"info","event":"    shipped_at timestamp without time zone,","chan":"stdout","logger":"task"}
{"timestamp":"2025-05-27T07:04:58.119615Z","level":"info","event":"    delivered_at timestamp without time zone,","chan":"stdout","logger":"task"}
{"timestamp":"2025-05-27T07:04:58.119797Z","level":"info","event":"    num_of_item integer,","chan":"stdout","logger":"task"}
{"timestamp":"2025-05-27T07:04:58.119987Z","level":"info","event":"    is_cancelled boolean,","chan":"stdout","logger":"task"}
{"timestamp":"2025-05-27T07:04:58.120161Z","level":"info","event":"    delivery_duration_days double precision);","chan":"stdout","logger":"task"}
{"timestamp":"2025-05-27T07:04:58.604500Z","level":"info","event":"Error executing DDL: relation \"orderinfo_bq\" already exists","chan":"stdout","logger":"task"}
{"timestamp":"2025-05-27T07:04:58.605113Z","level":"info","event":"","chan":"stdout","logger":"task"}
{"timestamp":"2025-05-27T07:04:58.605552Z","level":"info","event":"PostgreSQL connection closed.","chan":"stdout","logger":"task"}
{"timestamp":"2025-05-27T07:04:59.349782Z","level":"info","event":"","chan":"stdout","logger":"task"}
{"timestamp":"2025-05-27T07:04:59.350286Z","level":"info","event":"CSV data successfully loaded into table 'orderinfo_bq' using copy_from.","chan":"stdout","logger":"task"}
{"timestamp":"2025-05-27T07:04:59.520762Z","level":"info","event":"PostgreSQL connection closed.","chan":"stdout","logger":"task"}
{"timestamp":"2025-05-27T07:04:59.521368Z","level":"info","event":"Task instance in success state","chan":"stdout","logger":"task"}
{"timestamp":"2025-05-27T07:04:59.521877Z","level":"info","event":" Previous state of the Task instance: running","chan":"stdout","logger":"task"}
{"timestamp":"2025-05-27T07:04:59.522154Z","level":"info","event":"Task operator:<Task(PythonOperator): load_to_postgres>","chan":"stdout","logger":"task"}
{"timestamp":"2025-05-27T07:04:59.354341","level":"info","event":"Done. Returned value was: None","logger":"airflow.task.operators.airflow.providers.standard.operators.python.PythonOperator"}
{"timestamp":"2025-05-27T07:36:53.717006","level":"info","event":"DAG bundles loaded: dags-folder, example_dags","logger":"airflow.dag_processing.bundles.manager.DagBundlesManager"}
{"timestamp":"2025-05-27T07:36:53.724800","level":"info","event":"Filling up the DagBag from /home/sheela/airflow/dags/orderinfo_etl_dag.py","logger":"airflow.models.dagbag.DagBag"}
{"timestamp":"2025-05-27T07:36:56.168490Z","level":"info","event":"Task instance is in running state","chan":"stdout","logger":"task"}
{"timestamp":"2025-05-27T07:36:56.168774Z","level":"info","event":" Previous state of the Task instance: queued","chan":"stdout","logger":"task"}
{"timestamp":"2025-05-27T07:36:56.168945Z","level":"info","event":"Current task name:load_to_postgres","chan":"stdout","logger":"task"}
{"timestamp":"2025-05-27T07:36:56.169086Z","level":"info","event":"Dag name:orderinfo_etl_pipeline","chan":"stdout","logger":"task"}
{"timestamp":"2025-05-27T07:36:57.316988Z","level":"info","event":"","chan":"stdout","logger":"task"}
{"timestamp":"2025-05-27T07:36:57.320765Z","level":"info","event":"--- Generated DDL ---","chan":"stdout","logger":"task"}
{"timestamp":"2025-05-27T07:36:57.321157Z","level":"info","event":"","chan":"stdout","logger":"task"}
{"timestamp":"2025-05-27T07:36:57.322245Z","level":"info","event":"CREATE TABLE orderinfo_bq (","chan":"stdout","logger":"task"}
{"timestamp":"2025-05-27T07:36:57.323495Z","level":"info","event":"    order_id integer,","chan":"stdout","logger":"task"}
{"timestamp":"2025-05-27T07:36:57.323846Z","level":"info","event":"    user_id integer,","chan":"stdout","logger":"task"}
{"timestamp":"2025-05-27T07:36:57.324103Z","level":"info","event":"    status text,","chan":"stdout","logger":"task"}
{"timestamp":"2025-05-27T07:36:57.324331Z","level":"info","event":"    gender character,","chan":"stdout","logger":"task"}
{"timestamp":"2025-05-27T07:36:57.324553Z","level":"info","event":"    created_at timestamp without time zone,","chan":"stdout","logger":"task"}
{"timestamp":"2025-05-27T07:36:57.324746Z","level":"info","event":"    returned_at timestamp without time zone,","chan":"stdout","logger":"task"}
{"timestamp":"2025-05-27T07:36:57.324936Z","level":"info","event":"    shipped_at timestamp without time zone,","chan":"stdout","logger":"task"}
{"timestamp":"2025-05-27T07:36:57.325123Z","level":"info","event":"    delivered_at timestamp without time zone,","chan":"stdout","logger":"task"}
{"timestamp":"2025-05-27T07:36:57.325297Z","level":"info","event":"    num_of_item integer,","chan":"stdout","logger":"task"}
{"timestamp":"2025-05-27T07:36:57.325485Z","level":"info","event":"    is_cancelled boolean,","chan":"stdout","logger":"task"}
{"timestamp":"2025-05-27T07:36:57.332270Z","level":"info","event":"    delivery_duration_days double precision);","chan":"stdout","logger":"task"}
{"timestamp":"2025-05-27T07:36:57.567639Z","level":"info","event":"Error executing DDL: relation \"orderinfo_bq\" already exists","chan":"stdout","logger":"task"}
{"timestamp":"2025-05-27T07:36:57.568017Z","level":"info","event":"","chan":"stdout","logger":"task"}
{"timestamp":"2025-05-27T07:36:57.568428Z","level":"info","event":"PostgreSQL connection closed.","chan":"stdout","logger":"task"}
{"timestamp":"2025-05-27T07:36:57.882054Z","level":"info","event":"","chan":"stdout","logger":"task"}
{"timestamp":"2025-05-27T07:36:57.882475Z","level":"info","event":"CSV data successfully loaded into table 'orderinfo_bq' using copy_from.","chan":"stdout","logger":"task"}
{"timestamp":"2025-05-27T07:36:57.882901Z","level":"info","event":"PostgreSQL connection closed.","chan":"stdout","logger":"task"}
{"timestamp":"2025-05-27T07:36:57.882874","level":"info","event":"Done. Returned value was: None","logger":"airflow.task.operators.airflow.providers.standard.operators.python.PythonOperator"}
{"timestamp":"2025-05-27T07:36:57.924101Z","level":"info","event":"Task instance in success state","chan":"stdout","logger":"task"}
{"timestamp":"2025-05-27T07:36:57.924790Z","level":"info","event":" Previous state of the Task instance: running","chan":"stdout","logger":"task"}
{"timestamp":"2025-05-27T07:36:57.925105Z","level":"info","event":"Task operator:<Task(PythonOperator): load_to_postgres>","chan":"stdout","logger":"task"}
