{"timestamp":"2025-05-23T07:25:59.806066","level":"info","event":"DAG bundles loaded: dags-folder, example_dags","logger":"airflow.dag_processing.bundles.manager.DagBundlesManager"}
{"timestamp":"2025-05-23T07:25:59.809102","level":"info","event":"Filling up the DagBag from /home/sheela/airflow/dags/orderinfo_etl_dag.py","logger":"airflow.models.dagbag.DagBag"}
{"timestamp":"2025-05-23T07:26:01.621003Z","level":"info","event":"Task instance is in running state","chan":"stdout","logger":"task"}
{"timestamp":"2025-05-23T07:26:01.625057Z","level":"info","event":" Previous state of the Task instance: queued","chan":"stdout","logger":"task"}
{"timestamp":"2025-05-23T07:26:01.625402Z","level":"info","event":"Current task name:load_to_postgres","chan":"stdout","logger":"task"}
{"timestamp":"2025-05-23T07:26:01.625611Z","level":"info","event":"Dag name:orderinfo_etl_pipeline","chan":"stdout","logger":"task"}
{"timestamp":"2025-05-23T07:26:03.343270Z","level":"info","event":"","chan":"stdout","logger":"task"}
{"timestamp":"2025-05-23T07:26:03.345818Z","level":"info","event":"--- Generated DDL ---","chan":"stdout","logger":"task"}
{"timestamp":"2025-05-23T07:26:03.346195Z","level":"info","event":"","chan":"stdout","logger":"task"}
{"timestamp":"2025-05-23T07:26:03.347296Z","level":"info","event":"CREATE TABLE orderinfo_bq (","chan":"stdout","logger":"task"}
{"timestamp":"2025-05-23T07:26:03.347636Z","level":"info","event":"    order_id integer,","chan":"stdout","logger":"task"}
{"timestamp":"2025-05-23T07:26:03.347857Z","level":"info","event":"    user_id integer,","chan":"stdout","logger":"task"}
{"timestamp":"2025-05-23T07:26:03.348055Z","level":"info","event":"    status text,","chan":"stdout","logger":"task"}
{"timestamp":"2025-05-23T07:26:03.348244Z","level":"info","event":"    gender text,","chan":"stdout","logger":"task"}
{"timestamp":"2025-05-23T07:26:03.348449Z","level":"info","event":"    created_at timestamp without time zone,","chan":"stdout","logger":"task"}
{"timestamp":"2025-05-23T07:26:03.348657Z","level":"info","event":"    returned_at timestamp without time zone,","chan":"stdout","logger":"task"}
{"timestamp":"2025-05-23T07:26:03.348845Z","level":"info","event":"    shipped_at timestamp without time zone,","chan":"stdout","logger":"task"}
{"timestamp":"2025-05-23T07:26:03.349029Z","level":"info","event":"    delivered_at timestamp without time zone,","chan":"stdout","logger":"task"}
{"timestamp":"2025-05-23T07:26:03.349213Z","level":"info","event":"    num_of_item integer,","chan":"stdout","logger":"task"}
{"timestamp":"2025-05-23T07:26:03.349395Z","level":"info","event":"    is_cancelled boolean,","chan":"stdout","logger":"task"}
{"timestamp":"2025-05-23T07:26:03.349589Z","level":"info","event":"    delivery_duration_days double precision","chan":"stdout","logger":"task"}
{"timestamp":"2025-05-23T07:26:03.349798Z","level":"info","event":");","chan":"stdout","logger":"task"}
{"timestamp":"2025-05-23T07:26:05.002226Z","level":"info","event":"","chan":"stdout","logger":"task"}
{"timestamp":"2025-05-23T07:26:05.005697Z","level":"info","event":" DDL executed successfully.","chan":"stdout","logger":"task"}
{"timestamp":"2025-05-23T07:26:05.333643Z","level":"info","event":"Error loading CSV to PostgreSQL: 'Engine' object has no attribute 'cursor'","chan":"stdout","logger":"task"}
{"timestamp":"2025-05-23T07:26:05.333956Z","level":"info","event":"Task instance in success state","chan":"stdout","logger":"task"}
{"timestamp":"2025-05-23T07:26:05.334179Z","level":"info","event":" Previous state of the Task instance: running","chan":"stdout","logger":"task"}
{"timestamp":"2025-05-23T07:26:05.334333Z","level":"info","event":"Task operator:<Task(PythonOperator): load_to_postgres>","chan":"stdout","logger":"task"}
{"timestamp":"2025-05-23T07:26:05.017124","level":"warning","event":"pandas only supports SQLAlchemy connectable (engine/connection) or database string URI or sqlite3 DBAPI2 connection. Other DBAPI2 objects are not tested. Please consider using SQLAlchemy.","category":"UserWarning","filename":"/home/sheela/airflow/dags/load_data.py","lineno":78,"logger":"py.warnings"}
{"timestamp":"2025-05-23T07:26:05.031610","level":"info","event":"Done. Returned value was: None","logger":"airflow.task.operators.airflow.providers.standard.operators.python.PythonOperator"}
