{"timestamp":"2025-05-26T07:33:51.650751","level":"info","event":"DAG bundles loaded: dags-folder, example_dags","logger":"airflow.dag_processing.bundles.manager.DagBundlesManager"}
{"timestamp":"2025-05-26T07:33:51.654223","level":"info","event":"Filling up the DagBag from /home/sheela/airflow/dags/orderinfo_etl_dag.py","logger":"airflow.models.dagbag.DagBag"}
{"timestamp":"2025-05-26T07:33:54.003314Z","level":"info","event":"Task instance is in running state","chan":"stdout","logger":"task"}
{"timestamp":"2025-05-26T07:33:54.004035Z","level":"info","event":" Previous state of the Task instance: queued","chan":"stdout","logger":"task"}
{"timestamp":"2025-05-26T07:33:54.004342Z","level":"info","event":"Current task name:load_to_postgres","chan":"stdout","logger":"task"}
{"timestamp":"2025-05-26T07:33:54.004537Z","level":"info","event":"Dag name:orderinfo_etl_pipeline","chan":"stdout","logger":"task"}
{"timestamp":"2025-05-26T07:33:55.325840Z","level":"info","event":"","chan":"stdout","logger":"task"}
{"timestamp":"2025-05-26T07:33:55.326409Z","level":"info","event":"--- Generated DDL ---","chan":"stdout","logger":"task"}
{"timestamp":"2025-05-26T07:33:55.326824Z","level":"info","event":"","chan":"stdout","logger":"task"}
{"timestamp":"2025-05-26T07:33:55.327177Z","level":"info","event":"CREATE TABLE orderinfo_bq (","chan":"stdout","logger":"task"}
{"timestamp":"2025-05-26T07:33:55.327452Z","level":"info","event":"    order_id INTEGER,","chan":"stdout","logger":"task"}
{"timestamp":"2025-05-26T07:33:55.327709Z","level":"info","event":"    user_id INTEGER,","chan":"stdout","logger":"task"}
{"timestamp":"2025-05-26T07:33:55.328132Z","level":"info","event":"    status VARCHAR(10),","chan":"stdout","logger":"task"}
{"timestamp":"2025-05-26T07:33:55.328481Z","level":"info","event":"    gender VARCHAR(1),","chan":"stdout","logger":"task"}
{"timestamp":"2025-05-26T07:33:55.328918Z","level":"info","event":"    created_at TIMESTAMP,","chan":"stdout","logger":"task"}
{"timestamp":"2025-05-26T07:33:55.331097Z","level":"info","event":"    returned_at TIMESTAMP,","chan":"stdout","logger":"task"}
{"timestamp":"2025-05-26T07:33:55.332975Z","level":"info","event":"    shipped_at TIMESTAMP,","chan":"stdout","logger":"task"}
{"timestamp":"2025-05-26T07:33:55.333667Z","level":"info","event":"    delivered_at TIMESTAMP,","chan":"stdout","logger":"task"}
{"timestamp":"2025-05-26T07:33:55.334425Z","level":"info","event":"    num_of_item INTEGER,","chan":"stdout","logger":"task"}
{"timestamp":"2025-05-26T07:33:55.335724Z","level":"info","event":"    is_cancelled BOOLEAN,","chan":"stdout","logger":"task"}
{"timestamp":"2025-05-26T07:33:55.337352Z","level":"info","event":"    delivery_duration_days DOUBLE PRECISION","chan":"stdout","logger":"task"}
{"timestamp":"2025-05-26T07:33:55.340177Z","level":"info","event":");","chan":"stdout","logger":"task"}
{"timestamp":"2025-05-26T07:33:55.684330Z","level":"info","event":"","chan":"stdout","logger":"task"}
{"timestamp":"2025-05-26T07:33:55.684810Z","level":"info","event":" DDL executed successfully.","chan":"stdout","logger":"task"}
{"timestamp":"2025-05-26T07:33:55.686682Z","level":"info","event":"PostgreSQL connection closed.","chan":"stdout","logger":"task"}
{"timestamp":"2025-05-26T07:33:55.730494","level":"warning","event":"pandas only supports SQLAlchemy connectable (engine/connection) or database string URI or sqlite3 DBAPI2 connection. Other DBAPI2 objects are not tested. Please consider using SQLAlchemy.","category":"UserWarning","filename":"/home/sheela/airflow/dags/load_data.py","lineno":72,"logger":"py.warnings"}
{"timestamp":"2025-05-26T07:33:55.755864Z","level":"info","event":"Error loading CSV to PostgreSQL: 'Engine' object has no attribute 'cursor'","chan":"stdout","logger":"task"}
{"timestamp":"2025-05-26T07:33:55.756265Z","level":"info","event":"Task instance in success state","chan":"stdout","logger":"task"}
{"timestamp":"2025-05-26T07:33:55.756555Z","level":"info","event":" Previous state of the Task instance: running","chan":"stdout","logger":"task"}
{"timestamp":"2025-05-26T07:33:55.756801Z","level":"info","event":"Task operator:<Task(PythonOperator): load_to_postgres>","chan":"stdout","logger":"task"}
{"timestamp":"2025-05-26T07:33:55.746428","level":"info","event":"Done. Returned value was: None","logger":"airflow.task.operators.airflow.providers.standard.operators.python.PythonOperator"}
