{"timestamp":"2025-05-26T09:04:08.644718","level":"info","event":"DAG bundles loaded: dags-folder, example_dags","logger":"airflow.dag_processing.bundles.manager.DagBundlesManager"}
{"timestamp":"2025-05-26T09:04:08.651427","level":"info","event":"Filling up the DagBag from /home/sheela/airflow/dags/orderinfo_etl_dag.py","logger":"airflow.models.dagbag.DagBag"}
{"timestamp":"2025-05-26T09:04:11.522408Z","level":"info","event":"Task instance is in running state","chan":"stdout","logger":"task"}
{"timestamp":"2025-05-26T09:04:11.523086Z","level":"info","event":" Previous state of the Task instance: queued","chan":"stdout","logger":"task"}
{"timestamp":"2025-05-26T09:04:11.523346Z","level":"info","event":"Current task name:load_to_postgres","chan":"stdout","logger":"task"}
{"timestamp":"2025-05-26T09:04:11.523579Z","level":"info","event":"Dag name:orderinfo_etl_pipeline","chan":"stdout","logger":"task"}
{"timestamp":"2025-05-26T09:04:12.621076Z","level":"info","event":"","chan":"stdout","logger":"task"}
{"timestamp":"2025-05-26T09:04:12.621454Z","level":"info","event":"--- Generated DDL ---","chan":"stdout","logger":"task"}
{"timestamp":"2025-05-26T09:04:12.621722Z","level":"info","event":" CREATE TABLE orderinfo_bq_test (","chan":"stdout","logger":"task"}
{"timestamp":"2025-05-26T09:04:12.621948Z","level":"info","event":"    order_id integer,","chan":"stdout","logger":"task"}
{"timestamp":"2025-05-26T09:04:12.622166Z","level":"info","event":"    user_id integer,","chan":"stdout","logger":"task"}
{"timestamp":"2025-05-26T09:04:12.622478Z","level":"info","event":"    status text,","chan":"stdout","logger":"task"}
{"timestamp":"2025-05-26T09:04:12.622727Z","level":"info","event":"    gender text,","chan":"stdout","logger":"task"}
{"timestamp":"2025-05-26T09:04:12.622952Z","level":"info","event":"    created_at timestamp without time zone,","chan":"stdout","logger":"task"}
{"timestamp":"2025-05-26T09:04:12.623173Z","level":"info","event":"    returned_at timestamp without time zone,","chan":"stdout","logger":"task"}
{"timestamp":"2025-05-26T09:04:12.623393Z","level":"info","event":"    shipped_at timestamp without time zone,","chan":"stdout","logger":"task"}
{"timestamp":"2025-05-26T09:04:12.623627Z","level":"info","event":"    delivered_at timestamp without time zone,","chan":"stdout","logger":"task"}
{"timestamp":"2025-05-26T09:04:12.623853Z","level":"info","event":"    num_of_item integer,","chan":"stdout","logger":"task"}
{"timestamp":"2025-05-26T09:04:12.624086Z","level":"info","event":"    is_cancelled boolean,","chan":"stdout","logger":"task"}
{"timestamp":"2025-05-26T09:04:12.624299Z","level":"info","event":"    delivery_duration_days double precision","chan":"stdout","logger":"task"}
{"timestamp":"2025-05-26T09:04:12.624516Z","level":"info","event":");","chan":"stdout","logger":"task"}
{"timestamp":"2025-05-26T09:04:13.376840Z","level":"info","event":"✅ Table created successfully.","chan":"stdout","logger":"task"}
{"timestamp":"2025-05-26T09:04:13.757341Z","level":"info","event":" Error loading CSV to PostgreSQL via psycopg2: column \"returned_at\" is of type timestamp without time zone but expression is of type double precision","chan":"stdout","logger":"task"}
{"timestamp":"2025-05-26T09:04:13.757902Z","level":"info","event":"LINE 1: ...S (5, 4, 'Cancelled', 'F', '2025-02-11 16:50:00', 'NaN'::flo...","chan":"stdout","logger":"task"}
{"timestamp":"2025-05-26T09:04:13.758427Z","level":"info","event":"                                                             ^","chan":"stdout","logger":"task"}
{"timestamp":"2025-05-26T09:04:13.758698Z","level":"info","event":"HINT:  You will need to rewrite or cast the expression.","chan":"stdout","logger":"task"}
{"timestamp":"2025-05-26T09:04:13.758909Z","level":"info","event":"","chan":"stdout","logger":"task"}
{"timestamp":"2025-05-26T09:04:13.813771Z","level":"info","event":"Task instance in success state","chan":"stdout","logger":"task"}
{"timestamp":"2025-05-26T09:04:13.817070Z","level":"info","event":" Previous state of the Task instance: running","chan":"stdout","logger":"task"}
{"timestamp":"2025-05-26T09:04:13.817592Z","level":"info","event":"Task operator:<Task(PythonOperator): load_to_postgres>","chan":"stdout","logger":"task"}
{"timestamp":"2025-05-26T09:04:13.758923","level":"info","event":"Done. Returned value was: None","logger":"airflow.task.operators.airflow.providers.standard.operators.python.PythonOperator"}
