{"timestamp":"2025-05-20T07:56:10.450236","level":"info","event":"DAG bundles loaded: dags-folder, example_dags","logger":"airflow.dag_processing.bundles.manager.DagBundlesManager"}
{"timestamp":"2025-05-20T07:56:10.452555","level":"info","event":"Filling up the DagBag from /home/sheela/airflow/dags/orderinfo_etl_dag.py","logger":"airflow.models.dagbag.DagBag"}
{"timestamp":"2025-05-20T07:56:11.795031Z","level":"info","event":"Task instance is in running state","chan":"stdout","logger":"task"}
{"timestamp":"2025-05-20T07:56:11.795835Z","level":"info","event":" Previous state of the Task instance: queued","chan":"stdout","logger":"task"}
{"timestamp":"2025-05-20T07:56:11.796121Z","level":"info","event":"Current task name:pull_orders_sample","chan":"stdout","logger":"task"}
{"timestamp":"2025-05-20T07:56:11.796280Z","level":"info","event":"Dag name:orderinfo_etl_pipeline","chan":"stdout","logger":"task"}
{"timestamp":"2025-05-20T07:56:11.729970","level":"warning","event":"Your application has authenticated using end user credentials from Google Cloud SDK without a quota project. You might receive a \"quota exceeded\" or \"API not enabled\" error. See the following page for troubleshooting: https://cloud.google.com/docs/authentication/adc-troubleshooting/user-creds. ","category":"UserWarning","filename":"/mnt/c/Users/SJENNIFE/airflow_test/lib/python3.12/site-packages/google/auth/_default.py","lineno":76,"logger":"py.warnings"}
{"timestamp":"2025-05-20T07:56:22.336500","level":"warning","event":"No project ID could be determined. Consider running `gcloud config set project` or setting the GOOGLE_CLOUD_PROJECT environment variable","logger":"google.auth._default"}
{"timestamp":"2025-05-20T07:56:24.442580","level":"error","event":"Task failed with exception","logger":"task","error_detail":[{"exc_type":"ValueError","exc_value":"Please install the 'db-dtypes' package to use this function.","exc_notes":[],"syntax_error":null,"is_cause":false,"frames":[{"filename":"/mnt/c/Users/SJENNIFE/airflow_test/lib/python3.12/site-packages/airflow/sdk/execution_time/task_runner.py","lineno":825,"name":"run"},{"filename":"/mnt/c/Users/SJENNIFE/airflow_test/lib/python3.12/site-packages/airflow/sdk/execution_time/task_runner.py","lineno":1088,"name":"_execute_task"},{"filename":"/mnt/c/Users/SJENNIFE/airflow_test/lib/python3.12/site-packages/airflow/sdk/bases/operator.py","lineno":408,"name":"wrapper"},{"filename":"/mnt/c/Users/SJENNIFE/airflow_test/lib/python3.12/site-packages/airflow/providers/standard/operators/python.py","lineno":212,"name":"execute"},{"filename":"/mnt/c/Users/SJENNIFE/airflow_test/lib/python3.12/site-packages/airflow/providers/standard/operators/python.py","lineno":235,"name":"execute_callable"},{"filename":"/mnt/c/Users/SJENNIFE/airflow_test/lib/python3.12/site-packages/airflow/sdk/execution_time/callback_runner.py","lineno":81,"name":"run"},{"filename":"/home/sheela/airflow/dags/data_pull_1.py","lineno":7,"name":"pull_orders_sample"},{"filename":"/mnt/c/Users/SJENNIFE/airflow_test/lib/python3.12/site-packages/google/cloud/bigquery/job/query.py","lineno":2075,"name":"to_dataframe"},{"filename":"/mnt/c/Users/SJENNIFE/airflow_test/lib/python3.12/site-packages/google/cloud/bigquery/table.py","lineno":2560,"name":"to_dataframe"},{"filename":"/mnt/c/Users/SJENNIFE/airflow_test/lib/python3.12/site-packages/google/cloud/bigquery/_pandas_helpers.py","lineno":1144,"name":"verify_pandas_imports"}]},{"exc_type":"ModuleNotFoundError","exc_value":"No module named 'db_dtypes'","exc_notes":[],"syntax_error":null,"is_cause":true,"frames":[{"filename":"/mnt/c/Users/SJENNIFE/airflow_test/lib/python3.12/site-packages/google/cloud/bigquery/_pandas_helpers.py","lineno":59,"name":"<module>"}]}]}
{"timestamp":"2025-05-20T07:56:24.444936Z","level":"info","event":"Task instance in failure state","chan":"stdout","logger":"task"}
{"timestamp":"2025-05-20T07:56:24.598339Z","level":"info","event":"Task start","chan":"stdout","logger":"task"}
{"timestamp":"2025-05-20T07:56:24.598659Z","level":"info","event":"Task:<Task(PythonOperator): pull_orders_sample>","chan":"stdout","logger":"task"}
{"timestamp":"2025-05-20T07:56:24.598970Z","level":"info","event":"Failure caused by Please install the 'db-dtypes' package to use this function.","chan":"stdout","logger":"task"}
{"timestamp":"2025-05-20T08:49:41.786139","level":"info","event":"DAG bundles loaded: dags-folder, example_dags","logger":"airflow.dag_processing.bundles.manager.DagBundlesManager"}
{"timestamp":"2025-05-20T08:49:41.792525","level":"info","event":"Filling up the DagBag from /home/sheela/airflow/dags/orderinfo_etl_dag.py","logger":"airflow.models.dagbag.DagBag"}
{"timestamp":"2025-05-20T08:49:42.915625Z","level":"info","event":"Task instance is in running state","chan":"stdout","logger":"task"}
{"timestamp":"2025-05-20T08:49:42.915919Z","level":"info","event":" Previous state of the Task instance: queued","chan":"stdout","logger":"task"}
{"timestamp":"2025-05-20T08:49:42.916081Z","level":"info","event":"Current task name:pull_orders_sample","chan":"stdout","logger":"task"}
{"timestamp":"2025-05-20T08:49:42.916242Z","level":"info","event":"Dag name:orderinfo_etl_pipeline","chan":"stdout","logger":"task"}
{"timestamp":"2025-05-20T08:49:42.857330","level":"warning","event":"Your application has authenticated using end user credentials from Google Cloud SDK without a quota project. You might receive a \"quota exceeded\" or \"API not enabled\" error. See the following page for troubleshooting: https://cloud.google.com/docs/authentication/adc-troubleshooting/user-creds. ","category":"UserWarning","filename":"/mnt/c/Users/SJENNIFE/airflow_test/lib/python3.12/site-packages/google/auth/_default.py","lineno":76,"logger":"py.warnings"}
{"timestamp":"2025-05-20T08:49:51.072695","level":"warning","event":"No project ID could be determined. Consider running `gcloud config set project` or setting the GOOGLE_CLOUD_PROJECT environment variable","logger":"google.auth._default"}
{"timestamp":"2025-05-20T08:49:52.675085","level":"error","event":"Task failed with exception","logger":"task","error_detail":[{"exc_type":"ValueError","exc_value":"Please install the 'db-dtypes' package to use this function.","exc_notes":[],"syntax_error":null,"is_cause":false,"frames":[{"filename":"/mnt/c/Users/SJENNIFE/airflow_test/lib/python3.12/site-packages/airflow/sdk/execution_time/task_runner.py","lineno":825,"name":"run"},{"filename":"/mnt/c/Users/SJENNIFE/airflow_test/lib/python3.12/site-packages/airflow/sdk/execution_time/task_runner.py","lineno":1088,"name":"_execute_task"},{"filename":"/mnt/c/Users/SJENNIFE/airflow_test/lib/python3.12/site-packages/airflow/sdk/bases/operator.py","lineno":408,"name":"wrapper"},{"filename":"/mnt/c/Users/SJENNIFE/airflow_test/lib/python3.12/site-packages/airflow/providers/standard/operators/python.py","lineno":212,"name":"execute"},{"filename":"/mnt/c/Users/SJENNIFE/airflow_test/lib/python3.12/site-packages/airflow/providers/standard/operators/python.py","lineno":235,"name":"execute_callable"},{"filename":"/mnt/c/Users/SJENNIFE/airflow_test/lib/python3.12/site-packages/airflow/sdk/execution_time/callback_runner.py","lineno":81,"name":"run"},{"filename":"/home/sheela/airflow/dags/data_pull_1.py","lineno":7,"name":"pull_orders_sample"},{"filename":"/mnt/c/Users/SJENNIFE/airflow_test/lib/python3.12/site-packages/google/cloud/bigquery/job/query.py","lineno":2075,"name":"to_dataframe"},{"filename":"/mnt/c/Users/SJENNIFE/airflow_test/lib/python3.12/site-packages/google/cloud/bigquery/table.py","lineno":2560,"name":"to_dataframe"},{"filename":"/mnt/c/Users/SJENNIFE/airflow_test/lib/python3.12/site-packages/google/cloud/bigquery/_pandas_helpers.py","lineno":1144,"name":"verify_pandas_imports"}]},{"exc_type":"ModuleNotFoundError","exc_value":"No module named 'db_dtypes'","exc_notes":[],"syntax_error":null,"is_cause":true,"frames":[{"filename":"/mnt/c/Users/SJENNIFE/airflow_test/lib/python3.12/site-packages/google/cloud/bigquery/_pandas_helpers.py","lineno":59,"name":"<module>"}]}]}
{"timestamp":"2025-05-20T08:49:52.676929Z","level":"info","event":"Task instance in failure state","chan":"stdout","logger":"task"}
{"timestamp":"2025-05-20T08:49:52.764797Z","level":"info","event":"Task start","chan":"stdout","logger":"task"}
{"timestamp":"2025-05-20T08:49:52.765169Z","level":"info","event":"Task:<Task(PythonOperator): pull_orders_sample>","chan":"stdout","logger":"task"}
{"timestamp":"2025-05-20T08:49:52.765376Z","level":"info","event":"Failure caused by Please install the 'db-dtypes' package to use this function.","chan":"stdout","logger":"task"}
{"timestamp":"2025-05-20T08:58:47.963430","level":"info","event":"DAG bundles loaded: dags-folder, example_dags","logger":"airflow.dag_processing.bundles.manager.DagBundlesManager"}
{"timestamp":"2025-05-20T08:58:47.966249","level":"info","event":"Filling up the DagBag from /home/sheela/airflow/dags/orderinfo_etl_dag.py","logger":"airflow.models.dagbag.DagBag"}
{"timestamp":"2025-05-20T08:58:50.850683Z","level":"info","event":"Task instance is in running state","chan":"stdout","logger":"task"}
{"timestamp":"2025-05-20T08:58:50.851331Z","level":"info","event":" Previous state of the Task instance: queued","chan":"stdout","logger":"task"}
{"timestamp":"2025-05-20T08:58:50.852105Z","level":"info","event":"Current task name:pull_orders_sample","chan":"stdout","logger":"task"}
{"timestamp":"2025-05-20T08:58:50.852462Z","level":"info","event":"Dag name:orderinfo_etl_pipeline","chan":"stdout","logger":"task"}
{"timestamp":"2025-05-20T08:58:50.968017","level":"warning","event":"Your application has authenticated using end user credentials from Google Cloud SDK without a quota project. You might receive a \"quota exceeded\" or \"API not enabled\" error. See the following page for troubleshooting: https://cloud.google.com/docs/authentication/adc-troubleshooting/user-creds. ","category":"UserWarning","filename":"/mnt/c/Users/SJENNIFE/airflow_test/lib/python3.12/site-packages/google/auth/_default.py","lineno":76,"logger":"py.warnings"}
{"timestamp":"2025-05-20T08:59:00.696489","level":"warning","event":"No project ID could be determined. Consider running `gcloud config set project` or setting the GOOGLE_CLOUD_PROJECT environment variable","logger":"google.auth._default"}
{"timestamp":"2025-05-20T08:59:02.200283","level":"warning","event":"BigQuery Storage module not found, fetch data with the REST endpoint instead.","category":"UserWarning","filename":"/mnt/c/Users/SJENNIFE/airflow_test/lib/python3.12/site-packages/google/cloud/bigquery/table.py","lineno":1962,"logger":"py.warnings"}
{"timestamp":"2025-05-20T08:59:02.944480Z","level":"info","event":"Data pulled and saved as orders_sample.csv","chan":"stdout","logger":"task"}
{"timestamp":"2025-05-20T08:59:02.945612Z","level":"info","event":"Task instance in success state","chan":"stdout","logger":"task"}
{"timestamp":"2025-05-20T08:59:02.946114Z","level":"info","event":" Previous state of the Task instance: running","chan":"stdout","logger":"task"}
{"timestamp":"2025-05-20T08:59:02.946356Z","level":"info","event":"Task operator:<Task(PythonOperator): pull_orders_sample>","chan":"stdout","logger":"task"}
{"timestamp":"2025-05-20T08:59:02.926270","level":"info","event":"Done. Returned value was: None","logger":"airflow.task.operators.airflow.providers.standard.operators.python.PythonOperator"}
{"timestamp":"2025-05-20T12:03:09.153613","level":"info","event":"DAG bundles loaded: dags-folder, example_dags","logger":"airflow.dag_processing.bundles.manager.DagBundlesManager"}
{"timestamp":"2025-05-20T12:03:09.155991","level":"info","event":"Filling up the DagBag from /home/sheela/airflow/dags/orderinfo_etl_dag.py","logger":"airflow.models.dagbag.DagBag"}
{"timestamp":"2025-05-20T12:03:12.221588Z","level":"info","event":"Task instance is in running state","chan":"stdout","logger":"task"}
{"timestamp":"2025-05-20T12:03:12.222102Z","level":"info","event":" Previous state of the Task instance: queued","chan":"stdout","logger":"task"}
{"timestamp":"2025-05-20T12:03:12.222723Z","level":"info","event":"Current task name:pull_orders_sample","chan":"stdout","logger":"task"}
{"timestamp":"2025-05-20T12:03:12.223103Z","level":"info","event":"Dag name:orderinfo_etl_pipeline","chan":"stdout","logger":"task"}
{"timestamp":"2025-05-20T12:03:12.418553","level":"warning","event":"Your application has authenticated using end user credentials from Google Cloud SDK without a quota project. You might receive a \"quota exceeded\" or \"API not enabled\" error. See the following page for troubleshooting: https://cloud.google.com/docs/authentication/adc-troubleshooting/user-creds. ","category":"UserWarning","filename":"/mnt/c/Users/SJENNIFE/airflow_test/lib/python3.12/site-packages/google/auth/_default.py","lineno":76,"logger":"py.warnings"}
{"timestamp":"2025-05-20T12:03:24.484642","level":"warning","event":"No project ID could be determined. Consider running `gcloud config set project` or setting the GOOGLE_CLOUD_PROJECT environment variable","logger":"google.auth._default"}
{"timestamp":"2025-05-20T12:03:26.494572","level":"warning","event":"BigQuery Storage module not found, fetch data with the REST endpoint instead.","category":"UserWarning","filename":"/mnt/c/Users/SJENNIFE/airflow_test/lib/python3.12/site-packages/google/cloud/bigquery/table.py","lineno":1962,"logger":"py.warnings"}
{"timestamp":"2025-05-20T12:03:27.720617Z","level":"info","event":"Data pulled and saved as orders_sample.csv","chan":"stdout","logger":"task"}
{"timestamp":"2025-05-20T12:03:27.721033Z","level":"info","event":"Task instance in success state","chan":"stdout","logger":"task"}
{"timestamp":"2025-05-20T12:03:27.721299Z","level":"info","event":" Previous state of the Task instance: running","chan":"stdout","logger":"task"}
{"timestamp":"2025-05-20T12:03:27.721568Z","level":"info","event":"Task operator:<Task(PythonOperator): pull_orders_sample>","chan":"stdout","logger":"task"}
{"timestamp":"2025-05-20T12:03:27.703843","level":"info","event":"Done. Returned value was: None","logger":"airflow.task.operators.airflow.providers.standard.operators.python.PythonOperator"}
{"timestamp":"2025-05-20T12:07:23.064431","level":"info","event":"DAG bundles loaded: dags-folder, example_dags","logger":"airflow.dag_processing.bundles.manager.DagBundlesManager"}
{"timestamp":"2025-05-20T12:07:23.066141","level":"info","event":"Filling up the DagBag from /home/sheela/airflow/dags/orderinfo_etl_dag.py","logger":"airflow.models.dagbag.DagBag"}
{"timestamp":"2025-05-20T12:07:25.985117Z","level":"info","event":"Task instance is in running state","chan":"stdout","logger":"task"}
{"timestamp":"2025-05-20T12:07:25.986433Z","level":"info","event":" Previous state of the Task instance: queued","chan":"stdout","logger":"task"}
{"timestamp":"2025-05-20T12:07:25.987715Z","level":"info","event":"Current task name:pull_orders_sample","chan":"stdout","logger":"task"}
{"timestamp":"2025-05-20T12:07:25.988372Z","level":"info","event":"Dag name:orderinfo_etl_pipeline","chan":"stdout","logger":"task"}
{"timestamp":"2025-05-20T12:07:25.629899","level":"warning","event":"Your application has authenticated using end user credentials from Google Cloud SDK without a quota project. You might receive a \"quota exceeded\" or \"API not enabled\" error. See the following page for troubleshooting: https://cloud.google.com/docs/authentication/adc-troubleshooting/user-creds. ","category":"UserWarning","filename":"/mnt/c/Users/SJENNIFE/airflow_test/lib/python3.12/site-packages/google/auth/_default.py","lineno":76,"logger":"py.warnings"}
{"timestamp":"2025-05-20T12:07:35.310025","level":"warning","event":"No project ID could be determined. Consider running `gcloud config set project` or setting the GOOGLE_CLOUD_PROJECT environment variable","logger":"google.auth._default"}
{"timestamp":"2025-05-20T12:07:37.082463","level":"warning","event":"BigQuery Storage module not found, fetch data with the REST endpoint instead.","category":"UserWarning","filename":"/mnt/c/Users/SJENNIFE/airflow_test/lib/python3.12/site-packages/google/cloud/bigquery/table.py","lineno":1962,"logger":"py.warnings"}
{"timestamp":"2025-05-20T12:07:37.725165Z","level":"info","event":"Data pulled and saved as orders_sample.csv","chan":"stdout","logger":"task"}
{"timestamp":"2025-05-20T12:07:37.725725","level":"info","event":"Done. Returned value was: None","logger":"airflow.task.operators.airflow.providers.standard.operators.python.PythonOperator"}
{"timestamp":"2025-05-20T12:07:37.726586Z","level":"info","event":"Task instance in success state","chan":"stdout","logger":"task"}
{"timestamp":"2025-05-20T12:07:37.726916Z","level":"info","event":" Previous state of the Task instance: running","chan":"stdout","logger":"task"}
{"timestamp":"2025-05-20T12:07:37.831429Z","level":"info","event":"Task operator:<Task(PythonOperator): pull_orders_sample>","chan":"stdout","logger":"task"}
{"timestamp":"2025-05-20T12:26:23.018635","level":"info","event":"DAG bundles loaded: dags-folder, example_dags","logger":"airflow.dag_processing.bundles.manager.DagBundlesManager"}
{"timestamp":"2025-05-20T12:26:23.021021","level":"info","event":"Filling up the DagBag from /home/sheela/airflow/dags/orderinfo_etl_dag.py","logger":"airflow.models.dagbag.DagBag"}
{"timestamp":"2025-05-20T12:26:24.297813Z","level":"info","event":"Task instance is in running state","chan":"stdout","logger":"task"}
{"timestamp":"2025-05-20T12:26:24.298251Z","level":"info","event":" Previous state of the Task instance: queued","chan":"stdout","logger":"task"}
{"timestamp":"2025-05-20T12:26:24.298773Z","level":"info","event":"Current task name:pull_orders_sample","chan":"stdout","logger":"task"}
{"timestamp":"2025-05-20T12:26:24.299122Z","level":"info","event":"Dag name:orderinfo_etl_pipeline","chan":"stdout","logger":"task"}
{"timestamp":"2025-05-20T12:26:24.185008","level":"warning","event":"Your application has authenticated using end user credentials from Google Cloud SDK without a quota project. You might receive a \"quota exceeded\" or \"API not enabled\" error. See the following page for troubleshooting: https://cloud.google.com/docs/authentication/adc-troubleshooting/user-creds. ","category":"UserWarning","filename":"/mnt/c/Users/SJENNIFE/airflow_test/lib/python3.12/site-packages/google/auth/_default.py","lineno":76,"logger":"py.warnings"}
{"timestamp":"2025-05-20T12:26:31.705368","level":"warning","event":"No project ID could be determined. Consider running `gcloud config set project` or setting the GOOGLE_CLOUD_PROJECT environment variable","logger":"google.auth._default"}
{"timestamp":"2025-05-20T12:26:33.238432","level":"warning","event":"BigQuery Storage module not found, fetch data with the REST endpoint instead.","category":"UserWarning","filename":"/mnt/c/Users/SJENNIFE/airflow_test/lib/python3.12/site-packages/google/cloud/bigquery/table.py","lineno":1962,"logger":"py.warnings"}
{"timestamp":"2025-05-20T12:26:34.053286Z","level":"info","event":"Data pulled and saved as orders_sample.csv","chan":"stdout","logger":"task"}
{"timestamp":"2025-05-20T12:26:34.053599Z","level":"info","event":"Task instance in success state","chan":"stdout","logger":"task"}
{"timestamp":"2025-05-20T12:26:34.053768Z","level":"info","event":" Previous state of the Task instance: running","chan":"stdout","logger":"task"}
{"timestamp":"2025-05-20T12:26:34.053912Z","level":"info","event":"Task operator:<Task(PythonOperator): pull_orders_sample>","chan":"stdout","logger":"task"}
{"timestamp":"2025-05-20T12:26:34.036037","level":"info","event":"Done. Returned value was: None","logger":"airflow.task.operators.airflow.providers.standard.operators.python.PythonOperator"}
{"timestamp":"2025-05-20T12:48:09.716247","level":"info","event":"DAG bundles loaded: dags-folder, example_dags","logger":"airflow.dag_processing.bundles.manager.DagBundlesManager"}
{"timestamp":"2025-05-20T12:48:09.717411","level":"info","event":"Filling up the DagBag from /home/sheela/airflow/dags/orderinfo_etl_dag.py","logger":"airflow.models.dagbag.DagBag"}
{"timestamp":"2025-05-20T12:48:10.102192Z","level":"error","event":"Server indicated the task shouldn't be running anymore. Terminating process","detail":{"detail":{"reason":"running_elsewhere","message":"TI is already running elsewhere","current_hostname":"","current_pid":null}},"logger":"task"}
{"timestamp":"2025-05-20T12:48:10.118466Z","level":"error","event":"Task killed!","logger":"task"}
{"timestamp":"2025-05-20T12:57:22.318857","level":"info","event":"DAG bundles loaded: dags-folder, example_dags","logger":"airflow.dag_processing.bundles.manager.DagBundlesManager"}
{"timestamp":"2025-05-20T12:57:22.321219","level":"info","event":"Filling up the DagBag from /home/sheela/airflow/dags/orderinfo_etl_dag.py","logger":"airflow.models.dagbag.DagBag"}
{"timestamp":"2025-05-20T12:57:23.989233Z","level":"info","event":"Task instance is in running state","chan":"stdout","logger":"task"}
{"timestamp":"2025-05-20T12:57:23.989667Z","level":"info","event":" Previous state of the Task instance: queued","chan":"stdout","logger":"task"}
{"timestamp":"2025-05-20T12:57:23.989858Z","level":"info","event":"Current task name:pull_orders_sample","chan":"stdout","logger":"task"}
{"timestamp":"2025-05-20T12:57:23.990204Z","level":"info","event":"Dag name:orderinfo_etl_pipeline","chan":"stdout","logger":"task"}
{"timestamp":"2025-05-20T12:57:23.819960","level":"warning","event":"Your application has authenticated using end user credentials from Google Cloud SDK without a quota project. You might receive a \"quota exceeded\" or \"API not enabled\" error. See the following page for troubleshooting: https://cloud.google.com/docs/authentication/adc-troubleshooting/user-creds. ","category":"UserWarning","filename":"/mnt/c/Users/SJENNIFE/airflow_test/lib/python3.12/site-packages/google/auth/_default.py","lineno":76,"logger":"py.warnings"}
{"timestamp":"2025-05-20T12:57:31.441161","level":"warning","event":"No project ID could be determined. Consider running `gcloud config set project` or setting the GOOGLE_CLOUD_PROJECT environment variable","logger":"google.auth._default"}
{"timestamp":"2025-05-20T12:57:33.006044","level":"warning","event":"BigQuery Storage module not found, fetch data with the REST endpoint instead.","category":"UserWarning","filename":"/mnt/c/Users/SJENNIFE/airflow_test/lib/python3.12/site-packages/google/cloud/bigquery/table.py","lineno":1962,"logger":"py.warnings"}
{"timestamp":"2025-05-20T12:57:33.627746Z","level":"info","event":"Data pulled and saved as orders_sample.csv","chan":"stdout","logger":"task"}
{"timestamp":"2025-05-20T12:57:33.628322","level":"info","event":"Done. Returned value was: None","logger":"airflow.task.operators.airflow.providers.standard.operators.python.PythonOperator"}
{"timestamp":"2025-05-20T12:57:33.630121Z","level":"info","event":"Task instance in success state","chan":"stdout","logger":"task"}
{"timestamp":"2025-05-20T12:57:33.630644Z","level":"info","event":" Previous state of the Task instance: running","chan":"stdout","logger":"task"}
{"timestamp":"2025-05-20T12:57:33.630926Z","level":"info","event":"Task operator:<Task(PythonOperator): pull_orders_sample>","chan":"stdout","logger":"task"}
