{"timestamp":"2025-05-27T07:25:52.312946","level":"info","event":"DAG bundles loaded: dags-folder, example_dags","logger":"airflow.dag_processing.bundles.manager.DagBundlesManager"}
{"timestamp":"2025-05-27T07:25:52.327949","level":"info","event":"Filling up the DagBag from /home/sheela/airflow/dags/orderinfo_etl_dag.py","logger":"airflow.models.dagbag.DagBag"}
{"timestamp":"2025-05-27T07:25:54.642160Z","level":"info","event":"Task instance is in running state","chan":"stdout","logger":"task"}
{"timestamp":"2025-05-27T07:25:54.643033Z","level":"info","event":" Previous state of the Task instance: queued","chan":"stdout","logger":"task"}
{"timestamp":"2025-05-27T07:25:54.643331Z","level":"info","event":"Current task name:load_to_postgres","chan":"stdout","logger":"task"}
{"timestamp":"2025-05-27T07:25:54.643492Z","level":"info","event":"Dag name:orderinfo_etl_pipeline","chan":"stdout","logger":"task"}
{"timestamp":"2025-05-27T07:25:55.582170Z","level":"info","event":"","chan":"stdout","logger":"task"}
{"timestamp":"2025-05-27T07:25:55.594436Z","level":"info","event":"--- Generated DDL ---","chan":"stdout","logger":"task"}
{"timestamp":"2025-05-27T07:25:55.595208Z","level":"info","event":"","chan":"stdout","logger":"task"}
{"timestamp":"2025-05-27T07:25:55.595668Z","level":"info","event":"CREATE TABLE orderinfo_bq (","chan":"stdout","logger":"task"}
{"timestamp":"2025-05-27T07:25:55.596029Z","level":"info","event":"    order_id integer,","chan":"stdout","logger":"task"}
{"timestamp":"2025-05-27T07:25:55.596331Z","level":"info","event":"    user_id integer,","chan":"stdout","logger":"task"}
{"timestamp":"2025-05-27T07:25:55.596617Z","level":"info","event":"    status text,","chan":"stdout","logger":"task"}
{"timestamp":"2025-05-27T07:25:55.598059Z","level":"info","event":"    gender character,","chan":"stdout","logger":"task"}
{"timestamp":"2025-05-27T07:25:55.607388Z","level":"info","event":"    created_at timestamp without time zone,","chan":"stdout","logger":"task"}
{"timestamp":"2025-05-27T07:25:55.609093Z","level":"info","event":"    returned_at timestamp without time zone,","chan":"stdout","logger":"task"}
{"timestamp":"2025-05-27T07:25:55.609730Z","level":"info","event":"    shipped_at timestamp without time zone,","chan":"stdout","logger":"task"}
{"timestamp":"2025-05-27T07:25:55.610122Z","level":"info","event":"    delivered_at timestamp without time zone,","chan":"stdout","logger":"task"}
{"timestamp":"2025-05-27T07:25:55.610339Z","level":"info","event":"    num_of_item integer,","chan":"stdout","logger":"task"}
{"timestamp":"2025-05-27T07:25:55.610885Z","level":"info","event":"    is_cancelled boolean,","chan":"stdout","logger":"task"}
{"timestamp":"2025-05-27T07:25:55.611452Z","level":"info","event":"    delivery_duration_days double precision);","chan":"stdout","logger":"task"}
{"timestamp":"2025-05-27T07:25:56.011820Z","level":"info","event":"Error executing DDL: relation \"orderinfo_bq\" already exists","chan":"stdout","logger":"task"}
{"timestamp":"2025-05-27T07:25:56.012154Z","level":"info","event":"","chan":"stdout","logger":"task"}
{"timestamp":"2025-05-27T07:25:56.013540Z","level":"info","event":"PostgreSQL connection closed.","chan":"stdout","logger":"task"}
{"timestamp":"2025-05-27T07:25:56.326199Z","level":"info","event":"","chan":"stdout","logger":"task"}
{"timestamp":"2025-05-27T07:25:56.326784Z","level":"info","event":"CSV data successfully loaded into table 'orderinfo_bq' using copy_from.","chan":"stdout","logger":"task"}
{"timestamp":"2025-05-27T07:25:56.328064Z","level":"info","event":"PostgreSQL connection closed.","chan":"stdout","logger":"task"}
{"timestamp":"2025-05-27T07:25:56.328101","level":"info","event":"Done. Returned value was: None","logger":"airflow.task.operators.airflow.providers.standard.operators.python.PythonOperator"}
{"timestamp":"2025-05-27T07:25:56.423515Z","level":"info","event":"Task instance in success state","chan":"stdout","logger":"task"}
{"timestamp":"2025-05-27T07:25:56.426108Z","level":"info","event":" Previous state of the Task instance: running","chan":"stdout","logger":"task"}
{"timestamp":"2025-05-27T07:25:56.427276Z","level":"info","event":"Task operator:<Task(PythonOperator): load_to_postgres>","chan":"stdout","logger":"task"}
