{"timestamp":"2025-05-20T07:56:10.539803","level":"info","event":"DAG bundles loaded: dags-folder, example_dags","logger":"airflow.dag_processing.bundles.manager.DagBundlesManager"}
{"timestamp":"2025-05-20T07:56:10.615200Z","level":"error","event":"Server indicated the task shouldn't be running anymore. Terminating process","detail":{"detail":{"reason":"running_elsewhere","message":"TI is already running elsewhere","current_hostname":"","current_pid":null}},"logger":"task"}
{"timestamp":"2025-05-20T07:56:10.541141","level":"info","event":"Filling up the DagBag from /home/sheela/airflow/dags/orderinfo_etl_dag.py","logger":"airflow.models.dagbag.DagBag"}
{"timestamp":"2025-05-20T07:56:10.623357Z","level":"error","event":"Task killed!","logger":"task"}
{"timestamp":"2025-05-20T08:49:41.635562","level":"info","event":"DAG bundles loaded: dags-folder, example_dags","logger":"airflow.dag_processing.bundles.manager.DagBundlesManager"}
{"timestamp":"2025-05-20T08:49:41.638776","level":"info","event":"Filling up the DagBag from /home/sheela/airflow/dags/orderinfo_etl_dag.py","logger":"airflow.models.dagbag.DagBag"}
{"timestamp":"2025-05-20T08:49:42.935500Z","level":"info","event":"Task instance is in running state","chan":"stdout","logger":"task"}
{"timestamp":"2025-05-20T08:49:42.935821Z","level":"info","event":" Previous state of the Task instance: queued","chan":"stdout","logger":"task"}
{"timestamp":"2025-05-20T08:49:42.936010Z","level":"info","event":"Current task name:pull_orders_complete","chan":"stdout","logger":"task"}
{"timestamp":"2025-05-20T08:49:42.936181Z","level":"info","event":"Dag name:orderinfo_etl_pipeline","chan":"stdout","logger":"task"}
{"timestamp":"2025-05-20T08:49:42.819719","level":"warning","event":"Your application has authenticated using end user credentials from Google Cloud SDK without a quota project. You might receive a \"quota exceeded\" or \"API not enabled\" error. See the following page for troubleshooting: https://cloud.google.com/docs/authentication/adc-troubleshooting/user-creds. ","category":"UserWarning","filename":"/mnt/c/Users/SJENNIFE/airflow_test/lib/python3.12/site-packages/google/auth/_default.py","lineno":76,"logger":"py.warnings"}
{"timestamp":"2025-05-20T08:49:51.073127","level":"warning","event":"No project ID could be determined. Consider running `gcloud config set project` or setting the GOOGLE_CLOUD_PROJECT environment variable","logger":"google.auth._default"}
{"timestamp":"2025-05-20T08:49:52.911208","level":"error","event":"Task failed with exception","logger":"task","error_detail":[{"exc_type":"ValueError","exc_value":"Please install the 'db-dtypes' package to use this function.","exc_notes":[],"syntax_error":null,"is_cause":false,"frames":[{"filename":"/mnt/c/Users/SJENNIFE/airflow_test/lib/python3.12/site-packages/airflow/sdk/execution_time/task_runner.py","lineno":825,"name":"run"},{"filename":"/mnt/c/Users/SJENNIFE/airflow_test/lib/python3.12/site-packages/airflow/sdk/execution_time/task_runner.py","lineno":1088,"name":"_execute_task"},{"filename":"/mnt/c/Users/SJENNIFE/airflow_test/lib/python3.12/site-packages/airflow/sdk/bases/operator.py","lineno":408,"name":"wrapper"},{"filename":"/mnt/c/Users/SJENNIFE/airflow_test/lib/python3.12/site-packages/airflow/providers/standard/operators/python.py","lineno":212,"name":"execute"},{"filename":"/mnt/c/Users/SJENNIFE/airflow_test/lib/python3.12/site-packages/airflow/providers/standard/operators/python.py","lineno":235,"name":"execute_callable"},{"filename":"/mnt/c/Users/SJENNIFE/airflow_test/lib/python3.12/site-packages/airflow/sdk/execution_time/callback_runner.py","lineno":81,"name":"run"},{"filename":"/home/sheela/airflow/dags/data_pull_2.py","lineno":13,"name":"pull_orders_complete"},{"filename":"/mnt/c/Users/SJENNIFE/airflow_test/lib/python3.12/site-packages/google/cloud/bigquery/job/query.py","lineno":2075,"name":"to_dataframe"},{"filename":"/mnt/c/Users/SJENNIFE/airflow_test/lib/python3.12/site-packages/google/cloud/bigquery/table.py","lineno":2560,"name":"to_dataframe"},{"filename":"/mnt/c/Users/SJENNIFE/airflow_test/lib/python3.12/site-packages/google/cloud/bigquery/_pandas_helpers.py","lineno":1144,"name":"verify_pandas_imports"}]},{"exc_type":"ModuleNotFoundError","exc_value":"No module named 'db_dtypes'","exc_notes":[],"syntax_error":null,"is_cause":true,"frames":[{"filename":"/mnt/c/Users/SJENNIFE/airflow_test/lib/python3.12/site-packages/google/cloud/bigquery/_pandas_helpers.py","lineno":59,"name":"<module>"}]}]}
{"timestamp":"2025-05-20T08:49:52.912884Z","level":"info","event":"Task instance in failure state","chan":"stdout","logger":"task"}
{"timestamp":"2025-05-20T08:49:53.000283Z","level":"info","event":"Task start","chan":"stdout","logger":"task"}
{"timestamp":"2025-05-20T08:49:53.000683Z","level":"info","event":"Task:<Task(PythonOperator): pull_orders_complete>","chan":"stdout","logger":"task"}
{"timestamp":"2025-05-20T08:49:53.000914Z","level":"info","event":"Failure caused by Please install the 'db-dtypes' package to use this function.","chan":"stdout","logger":"task"}
{"timestamp":"2025-05-20T08:58:48.615749","level":"info","event":"DAG bundles loaded: dags-folder, example_dags","logger":"airflow.dag_processing.bundles.manager.DagBundlesManager"}
{"timestamp":"2025-05-20T08:58:48.617117","level":"info","event":"Filling up the DagBag from /home/sheela/airflow/dags/orderinfo_etl_dag.py","logger":"airflow.models.dagbag.DagBag"}
{"timestamp":"2025-05-20T08:58:51.050638Z","level":"info","event":"Task instance is in running state","chan":"stdout","logger":"task"}
{"timestamp":"2025-05-20T08:58:51.051029Z","level":"info","event":" Previous state of the Task instance: queued","chan":"stdout","logger":"task"}
{"timestamp":"2025-05-20T08:58:51.051265Z","level":"info","event":"Current task name:pull_orders_complete","chan":"stdout","logger":"task"}
{"timestamp":"2025-05-20T08:58:51.051471Z","level":"info","event":"Dag name:orderinfo_etl_pipeline","chan":"stdout","logger":"task"}
{"timestamp":"2025-05-20T08:58:51.101075","level":"warning","event":"Your application has authenticated using end user credentials from Google Cloud SDK without a quota project. You might receive a \"quota exceeded\" or \"API not enabled\" error. See the following page for troubleshooting: https://cloud.google.com/docs/authentication/adc-troubleshooting/user-creds. ","category":"UserWarning","filename":"/mnt/c/Users/SJENNIFE/airflow_test/lib/python3.12/site-packages/google/auth/_default.py","lineno":76,"logger":"py.warnings"}
{"timestamp":"2025-05-20T08:59:00.698636","level":"warning","event":"No project ID could be determined. Consider running `gcloud config set project` or setting the GOOGLE_CLOUD_PROJECT environment variable","logger":"google.auth._default"}
{"timestamp":"2025-05-20T08:59:02.196209","level":"warning","event":"BigQuery Storage module not found, fetch data with the REST endpoint instead.","category":"UserWarning","filename":"/mnt/c/Users/SJENNIFE/airflow_test/lib/python3.12/site-packages/google/cloud/bigquery/table.py","lineno":1962,"logger":"py.warnings"}
{"timestamp":"2025-05-20T08:59:03.033753Z","level":"info","event":"Completed orders pulled and saved as orders_succ.csv","chan":"stdout","logger":"task"}
{"timestamp":"2025-05-20T08:59:03.034426Z","level":"info","event":"Task instance in success state","chan":"stdout","logger":"task"}
{"timestamp":"2025-05-20T08:59:03.035110Z","level":"info","event":" Previous state of the Task instance: running","chan":"stdout","logger":"task"}
{"timestamp":"2025-05-20T08:59:03.037773Z","level":"info","event":"Task operator:<Task(PythonOperator): pull_orders_complete>","chan":"stdout","logger":"task"}
{"timestamp":"2025-05-20T08:59:02.976686","level":"info","event":"Done. Returned value was: None","logger":"airflow.task.operators.airflow.providers.standard.operators.python.PythonOperator"}
{"timestamp":"2025-05-20T12:03:08.940475","level":"info","event":"DAG bundles loaded: dags-folder, example_dags","logger":"airflow.dag_processing.bundles.manager.DagBundlesManager"}
{"timestamp":"2025-05-20T12:03:08.943732","level":"info","event":"Filling up the DagBag from /home/sheela/airflow/dags/orderinfo_etl_dag.py","logger":"airflow.models.dagbag.DagBag"}
{"timestamp":"2025-05-20T12:03:12.222751Z","level":"info","event":"Task instance is in running state","chan":"stdout","logger":"task"}
{"timestamp":"2025-05-20T12:03:12.223983Z","level":"info","event":" Previous state of the Task instance: queued","chan":"stdout","logger":"task"}
{"timestamp":"2025-05-20T12:03:12.225223Z","level":"info","event":"Current task name:pull_orders_complete","chan":"stdout","logger":"task"}
{"timestamp":"2025-05-20T12:03:12.226134Z","level":"info","event":"Dag name:orderinfo_etl_pipeline","chan":"stdout","logger":"task"}
{"timestamp":"2025-05-20T12:03:12.410867","level":"warning","event":"Your application has authenticated using end user credentials from Google Cloud SDK without a quota project. You might receive a \"quota exceeded\" or \"API not enabled\" error. See the following page for troubleshooting: https://cloud.google.com/docs/authentication/adc-troubleshooting/user-creds. ","category":"UserWarning","filename":"/mnt/c/Users/SJENNIFE/airflow_test/lib/python3.12/site-packages/google/auth/_default.py","lineno":76,"logger":"py.warnings"}
{"timestamp":"2025-05-20T12:03:24.553983","level":"warning","event":"No project ID could be determined. Consider running `gcloud config set project` or setting the GOOGLE_CLOUD_PROJECT environment variable","logger":"google.auth._default"}
{"timestamp":"2025-05-20T12:03:26.512454","level":"warning","event":"BigQuery Storage module not found, fetch data with the REST endpoint instead.","category":"UserWarning","filename":"/mnt/c/Users/SJENNIFE/airflow_test/lib/python3.12/site-packages/google/cloud/bigquery/table.py","lineno":1962,"logger":"py.warnings"}
{"timestamp":"2025-05-20T12:03:27.707295Z","level":"info","event":"Completed orders pulled and saved as orders_succ.csv","chan":"stdout","logger":"task"}
{"timestamp":"2025-05-20T12:03:27.707620Z","level":"info","event":"Task instance in success state","chan":"stdout","logger":"task"}
{"timestamp":"2025-05-20T12:03:27.707951Z","level":"info","event":" Previous state of the Task instance: running","chan":"stdout","logger":"task"}
{"timestamp":"2025-05-20T12:03:27.708205Z","level":"info","event":"Task operator:<Task(PythonOperator): pull_orders_complete>","chan":"stdout","logger":"task"}
{"timestamp":"2025-05-20T12:03:27.693627","level":"info","event":"Done. Returned value was: None","logger":"airflow.task.operators.airflow.providers.standard.operators.python.PythonOperator"}
{"timestamp":"2025-05-20T12:07:23.969136","level":"info","event":"DAG bundles loaded: dags-folder, example_dags","logger":"airflow.dag_processing.bundles.manager.DagBundlesManager"}
{"timestamp":"2025-05-20T12:07:23.970578","level":"info","event":"Filling up the DagBag from /home/sheela/airflow/dags/orderinfo_etl_dag.py","logger":"airflow.models.dagbag.DagBag"}
{"timestamp":"2025-05-20T12:07:24.418417Z","level":"error","event":"Server indicated the task shouldn't be running anymore. Terminating process","detail":{"detail":{"reason":"running_elsewhere","message":"TI is already running elsewhere","current_hostname":"","current_pid":null}},"logger":"task"}
{"timestamp":"2025-05-20T12:07:24.433070Z","level":"error","event":"Task killed!","logger":"task"}
{"timestamp":"2025-05-20T12:26:23.375271","level":"info","event":"DAG bundles loaded: dags-folder, example_dags","logger":"airflow.dag_processing.bundles.manager.DagBundlesManager"}
{"timestamp":"2025-05-20T12:26:23.378177","level":"info","event":"Filling up the DagBag from /home/sheela/airflow/dags/orderinfo_etl_dag.py","logger":"airflow.models.dagbag.DagBag"}
{"timestamp":"2025-05-20T12:26:24.572853Z","level":"info","event":"Task instance is in running state","chan":"stdout","logger":"task"}
{"timestamp":"2025-05-20T12:26:24.573322Z","level":"info","event":" Previous state of the Task instance: queued","chan":"stdout","logger":"task"}
{"timestamp":"2025-05-20T12:26:24.574062Z","level":"info","event":"Current task name:pull_orders_complete","chan":"stdout","logger":"task"}
{"timestamp":"2025-05-20T12:26:24.574377Z","level":"info","event":"Dag name:orderinfo_etl_pipeline","chan":"stdout","logger":"task"}
{"timestamp":"2025-05-20T12:26:24.614163","level":"warning","event":"Your application has authenticated using end user credentials from Google Cloud SDK without a quota project. You might receive a \"quota exceeded\" or \"API not enabled\" error. See the following page for troubleshooting: https://cloud.google.com/docs/authentication/adc-troubleshooting/user-creds. ","category":"UserWarning","filename":"/mnt/c/Users/SJENNIFE/airflow_test/lib/python3.12/site-packages/google/auth/_default.py","lineno":76,"logger":"py.warnings"}
{"timestamp":"2025-05-20T12:26:31.700316","level":"warning","event":"No project ID could be determined. Consider running `gcloud config set project` or setting the GOOGLE_CLOUD_PROJECT environment variable","logger":"google.auth._default"}
{"timestamp":"2025-05-20T12:26:33.335073","level":"warning","event":"BigQuery Storage module not found, fetch data with the REST endpoint instead.","category":"UserWarning","filename":"/mnt/c/Users/SJENNIFE/airflow_test/lib/python3.12/site-packages/google/cloud/bigquery/table.py","lineno":1962,"logger":"py.warnings"}
{"timestamp":"2025-05-20T12:26:34.089905Z","level":"info","event":"Completed orders pulled and saved as orders_succ.csv","chan":"stdout","logger":"task"}
{"timestamp":"2025-05-20T12:26:34.090228Z","level":"info","event":"Task instance in success state","chan":"stdout","logger":"task"}
{"timestamp":"2025-05-20T12:26:34.090691Z","level":"info","event":" Previous state of the Task instance: running","chan":"stdout","logger":"task"}
{"timestamp":"2025-05-20T12:26:34.093120Z","level":"info","event":"Task operator:<Task(PythonOperator): pull_orders_complete>","chan":"stdout","logger":"task"}
{"timestamp":"2025-05-20T12:26:34.074020","level":"info","event":"Done. Returned value was: None","logger":"airflow.task.operators.airflow.providers.standard.operators.python.PythonOperator"}
{"timestamp":"2025-05-20T12:48:09.684823","level":"info","event":"DAG bundles loaded: dags-folder, example_dags","logger":"airflow.dag_processing.bundles.manager.DagBundlesManager"}
{"timestamp":"2025-05-20T12:48:09.686480","level":"info","event":"Filling up the DagBag from /home/sheela/airflow/dags/orderinfo_etl_dag.py","logger":"airflow.models.dagbag.DagBag"}
{"timestamp":"2025-05-20T12:48:10.082585Z","level":"error","event":"Server indicated the task shouldn't be running anymore. Terminating process","detail":{"detail":{"reason":"running_elsewhere","message":"TI is already running elsewhere","current_hostname":"","current_pid":null}},"logger":"task"}
{"timestamp":"2025-05-20T12:48:10.098367Z","level":"error","event":"Task killed!","logger":"task"}
{"timestamp":"2025-05-20T12:57:22.158280","level":"info","event":"DAG bundles loaded: dags-folder, example_dags","logger":"airflow.dag_processing.bundles.manager.DagBundlesManager"}
{"timestamp":"2025-05-20T12:57:22.160304","level":"info","event":"Filling up the DagBag from /home/sheela/airflow/dags/orderinfo_etl_dag.py","logger":"airflow.models.dagbag.DagBag"}
{"timestamp":"2025-05-20T12:57:23.828434Z","level":"info","event":"Task instance is in running state","chan":"stdout","logger":"task"}
{"timestamp":"2025-05-20T12:57:23.828794Z","level":"info","event":" Previous state of the Task instance: queued","chan":"stdout","logger":"task"}
{"timestamp":"2025-05-20T12:57:23.829098Z","level":"info","event":"Current task name:pull_orders_complete","chan":"stdout","logger":"task"}
{"timestamp":"2025-05-20T12:57:23.829345Z","level":"info","event":"Dag name:orderinfo_etl_pipeline","chan":"stdout","logger":"task"}
{"timestamp":"2025-05-20T12:57:23.709847","level":"warning","event":"Your application has authenticated using end user credentials from Google Cloud SDK without a quota project. You might receive a \"quota exceeded\" or \"API not enabled\" error. See the following page for troubleshooting: https://cloud.google.com/docs/authentication/adc-troubleshooting/user-creds. ","category":"UserWarning","filename":"/mnt/c/Users/SJENNIFE/airflow_test/lib/python3.12/site-packages/google/auth/_default.py","lineno":76,"logger":"py.warnings"}
{"timestamp":"2025-05-20T12:57:31.401394","level":"warning","event":"No project ID could be determined. Consider running `gcloud config set project` or setting the GOOGLE_CLOUD_PROJECT environment variable","logger":"google.auth._default"}
{"timestamp":"2025-05-20T12:57:32.999685","level":"warning","event":"BigQuery Storage module not found, fetch data with the REST endpoint instead.","category":"UserWarning","filename":"/mnt/c/Users/SJENNIFE/airflow_test/lib/python3.12/site-packages/google/cloud/bigquery/table.py","lineno":1962,"logger":"py.warnings"}
{"timestamp":"2025-05-20T12:57:33.655231Z","level":"info","event":"Completed orders pulled and saved as orders_succ.csv","chan":"stdout","logger":"task"}
{"timestamp":"2025-05-20T12:57:33.656538Z","level":"info","event":"Task instance in success state","chan":"stdout","logger":"task"}
{"timestamp":"2025-05-20T12:57:33.656978Z","level":"info","event":" Previous state of the Task instance: running","chan":"stdout","logger":"task"}
{"timestamp":"2025-05-20T12:57:33.655143","level":"info","event":"Done. Returned value was: None","logger":"airflow.task.operators.airflow.providers.standard.operators.python.PythonOperator"}
{"timestamp":"2025-05-20T12:57:33.824691Z","level":"info","event":"Task operator:<Task(PythonOperator): pull_orders_complete>","chan":"stdout","logger":"task"}
